10:00:51 AM: YayBlaze logged in
10:00:56 AM: YayBlaze added -20 to their ballance via slots - now 50
10:00:58 AM: YayBlaze added 40 to their ballance via slots - now 90
10:01:02 AM: YayBlaze added -20 to their ballance via slots - now 70
10:01:04 AM: YayBlaze added -20 to their ballance via slots - now 50
10:01:06 AM: YayBlaze added -20 to their ballance via slots - now 30
10:01:08 AM: YayBlaze added -20 to their ballance via slots - now 10
10:01:09 AM: YayBlaze added 0 to their ballance via slots - now 10
10:01:15 AM: YayBlaze added 10 to their ballance via slots - now 20
10:01:19 AM: YayBlaze added -5 to their ballance via slots - now 15
10:01:21 AM: YayBlaze added 25 to their ballance via slots - now 40
10:01:39 AM: YayBlaze added -5 to their ballance via slots - now 35
10:01:46 AM: YayBlaze added -5 to their ballance via slots - now 30
10:01:53 AM: YayBlaze added -5 to their ballance via slots - now 25
10:01:55 AM: YayBlaze added -5 to their ballance via slots - now 20
10:01:56 AM: YayBlaze added -5 to their ballance via slots - now 15
10:01:58 AM: YayBlaze added 10 to their ballance via slots - now 25
10:02:01 AM: YayBlaze added -5 to their ballance via slots - now 20
10:02:03 AM: YayBlaze added -5 to their ballance via slots - now 15
10:02:04 AM: YayBlaze added 10 to their ballance via slots - now 25
10:02:06 AM: YayBlaze added -5 to their ballance via slots - now 20
10:02:08 AM: YayBlaze added -5 to their ballance via slots - now 15
10:02:09 AM: YayBlaze added 25 to their ballance via slots - now 40
10:02:19 AM: YayBlaze added -10 to their ballance via slots - now 30
10:02:21 AM: YayBlaze added 20 to their ballance via slots - now 50
10:02:24 AM: YayBlaze added 20 to their ballance via slots - now 70
10:02:27 AM: YayBlaze added 20 to their ballance via slots - now 90
10:02:30 AM: YayBlaze added -10 to their ballance via slots - now 80
10:02:32 AM: YayBlaze added -10 to their ballance via slots - now 70
10:02:34 AM: YayBlaze added -10 to their ballance via slots - now 60
10:02:36 AM: YayBlaze added -10 to their ballance via slots - now 50
10:02:37 AM: YayBlaze added -10 to their ballance via slots - now 40
10:02:39 AM: YayBlaze added -10 to their ballance via slots - now 30
10:02:40 AM: YayBlaze added -10 to their ballance via slots - now 20
10:02:42 AM: YayBlaze added 20 to their ballance via slots - now 40
10:02:49 AM: YayBlaze added -10 to their ballance via slots - now 30
10:02:52 AM: YayBlaze added 20 to their ballance via slots - now 50
10:02:54 AM: YayBlaze added 20 to their ballance via slots - now 70
10:02:57 AM: YayBlaze added -10 to their ballance via slots - now 60
10:02:58 AM: YayBlaze added -10 to their ballance via slots - now 50
10:03:02 AM: YayBlaze added -10 to their ballance via slots - now 40
10:03:04 AM: YayBlaze added -10 to their ballance via slots - now 30
10:03:06 AM: YayBlaze added 20 to their ballance via slots - now 50
10:03:15 AM: YayBlaze added 20 to their ballance via slots - now 70
10:03:18 AM: YayBlaze added 20 to their ballance via slots - now 90
10:03:21 AM: YayBlaze added 20 to their ballance via slots - now 110
10:03:27 AM: YayBlaze added -10 to their ballance via slots - now 100
10:03:29 AM: YayBlaze added -10 to their ballance via slots - now 90
10:03:33 AM: YayBlaze added -20 to their ballance via slots - now 70
10:03:34 AM: YayBlaze added -20 to their ballance via slots - now 50
10:03:36 AM: YayBlaze added 40 to their ballance via slots - now 90
10:03:39 AM: YayBlaze added -20 to their ballance via slots - now 70
10:03:41 AM: YayBlaze added 40 to their ballance via slots - now 110
10:03:44 AM: YayBlaze added -20 to their ballance via slots - now 90
10:03:45 AM: YayBlaze added -20 to their ballance via slots - now 70
10:03:47 AM: YayBlaze added -20 to their ballance via slots - now 50
10:03:48 AM: YayBlaze added -20 to their ballance via slots - now 30
10:03:50 AM: YayBlaze added 40 to their ballance via slots - now 70
10:03:55 AM: YayBlaze added -20 to their ballance via slots - now 50
10:03:56 AM: YayBlaze added -20 to their ballance via slots - now 30
10:03:58 AM: YayBlaze added -20 to their ballance via slots - now 10
10:03:59 AM: YayBlaze added 0 to their ballance via slots - now 10
10:04:04 AM: YayBlaze added -5 to their ballance via slots - now 5
10:04:06 AM: YayBlaze added -5 to their ballance via slots - now 0
10:11:44 AM: YayBlaze added -100 to their ballance via blackjack - now 900
10:11:46 AM: YayBlaze added 100 to their ballance via blackjack - now 1000
10:11:47 AM: YayBlaze added 100 to their ballance via blackjack - now 1100
10:11:50 AM: YayBlaze added 100 to their ballance via blackjack - now 1200
10:11:53 AM: YayBlaze added 100 to their ballance via blackjack - now 1300
10:11:57 AM: YayBlaze added -100 to their ballance via blackjack - now 1200
10:11:59 AM: YayBlaze added -100 to their ballance via blackjack - now 1100
10:12:01 AM: YayBlaze added 100 to their ballance via blackjack - now 1200
10:12:05 AM: YayBlaze added -100 to their ballance via blackjack - now 1100
10:12:05 AM: YayBlaze added 100 to their ballance via blackjack - now 1200
10:12:08 AM: YayBlaze added 100 to their ballance via blackjack - now 1300
10:12:11 AM: YayBlaze added -100 to their ballance via blackjack - now 1200
10:12:14 AM: YayBlaze added 100 to their ballance via blackjack - now 1300
10:12:19 AM: YayBlaze added 100 to their ballance via blackjack - now 1400
10:12:20 AM: YayBlaze added 100 to their ballance via blackjack - now 1500
10:12:49 AM: YayBlaze added -100 to their ballance via blackjack - now 1400
10:12:59 AM: YayBlaze added -100 to their ballance via blackjack - now 1300
10:13:09 AM: YayBlaze added 100 to their ballance via blackjack - now 1400
10:13:21 AM: YayBlaze added -100 to their ballance via blackjack - now 1300
10:13:37 AM: YayBlaze added 100 to their ballance via blackjack - now 1400
10:13:41 AM: YayBlaze added -100 to their ballance via blackjack - now 1300
10:13:44 AM: YayBlaze added 100 to their ballance via blackjack - now 1400
10:13:53 AM: YayBlaze added 100 to their ballance via blackjack - now 1500
10:13:56 AM: YayBlaze added 100 to their ballance via blackjack - now 1600
10:14:00 AM: YayBlaze added -100 to their ballance via blackjack - now 1500
10:14:02 AM: YayBlaze added -100 to their ballance via blackjack - now 1400
10:14:06 AM: YayBlaze added 100 to their ballance via blackjack - now 1500
10:14:11 AM: YayBlaze added 300 to their ballance via blackjack - now 1800
10:14:19 AM: YayBlaze added -300 to their ballance via blackjack - now 1500
10:14:22 AM: YayBlaze added -300 to their ballance via blackjack - now 1200
10:14:25 AM: YayBlaze added 300 to their ballance via blackjack - now 1500
10:14:29 AM: YayBlaze added -300 to their ballance via blackjack - now 1200
