1:33:30 PM: YayBlaze added -20 to their ballance via slots
1:33:14 PM: YayBlaze logged in
1:33:28 PM: YayBlaze added -20 to their ballance via slots
1:33:34 PM: YayBlaze added -20 to their ballance via slots
1:33:32 PM: YayBlaze added -20 to their ballance via slots
1:33:40 PM: YayBlaze added -100 to their ballance via blackjack
1:34:06 PM: YayBlaze added 100 to their ballance via blackjack
1:34:11 PM: YayBlaze added 100 to their ballance via blackjack
1:34:22 PM: YayBlaze added 100 to their ballance via blackjack
1:34:48 PM: YayBlaze added 100 to their ballance via blackjack
1:35:01 PM: YayBlaze added 100 to their ballance via blackjack
1:34:42 PM: YayBlaze added 100 to their ballance via blackjack
1:35:08 PM: YayBlaze added 100 to their ballance via blackjack
1:35:10 PM: YayBlaze added 100 to their ballance via blackjack
1:35:13 PM: YayBlaze added 100 to their ballance via blackjack
1:35:16 PM: YayBlaze added 100 to their ballance via blackjack
1:35:18 PM: YayBlaze added 100 to their ballance via blackjack
1:35:18 PM: YayBlaze added 100 to their ballance via blackjack
1:35:20 PM: YayBlaze added 100 to their ballance via blackjack
1:35:32 PM: YayBlaze added 100 to their ballance via blackjack
1:35:43 PM: YayBlaze added 100 to their ballance via blackjack
1:35:54 PM: YayBlaze added 100 to their ballance via blackjack
1:35:50 PM: YayBlaze added 100 to their ballance via blackjack
1:36:02 PM: YayBlaze added 1000 to their ballance via collect
1:36:40 PM: YayBlaze added 0 to their ballance via blackjack
1:36:46 PM: YayBlaze added -1000 to their ballance via blackjack
1:37:35 PM: YayBlaze added 6000 to their ballance via blackjack
1:37:24 PM: YayBlaze added 3000 to their ballance via blackjack
1:37:03 PM: YayBlaze added 1000 to their ballance via blackjack
1:37:52 PM: YayBlaze added 12000 to their ballance via blackjack
1:38:02 PM: YayBlaze added 24000 to their ballance via blackjack
1:38:37 PM: YayBlaze added 48000 to their ballance via blackjack
1:38:50 PM: YayBlaze added 100000 to their ballance via blackjack
1:38:18 PM: YayBlaze added 24000 to their ballance via blackjack
1:39:06 PM: YayBlaze added 200000 to their ballance via blackjack
1:39:15 PM: YayBlaze added 400000 to their ballance via blackjack
1:39:24 PM: YayBlaze added 800000 to their ballance via blackjack
1:40:25 PM: YayBlaze added 1600000 to their ballance via blackjack
1:40:38 PM: YayBlaze added 3200000 to their ballance via blackjack
1:40:58 PM: YayBlaze added 0 to their ballance via blackjack
1:40:46 PM: YayBlaze added 6400000 to their ballance via blackjack
1:41:09 PM: YayBlaze added 0 to their ballance via blackjack
