9:26:38 PM: New account - YayBlaze
9:26:49 PM: YayBlaze logged in
9:26:53 PM: YayBlaze added 1000 to their ballance via collect
9:27:05 PM: YayBlaze added -100 to their ballance via blackjack
9:28:54 PM: YayBlaze added -20 to their ballance via slots
9:29:01 PM: YayBlaze added 40 to their ballance via slots
10:02:46 PM: YayBLaze logged in
10:11:33 PM: YayBLaze logged in
10:16:06 PM: YayBlaze logged in
10:17:30 PM: YayBlaze logged in
10:18:12 PM: YayBlaze logged in
10:18:52 PM: YayBlaze logged in
10:18:56 PM: YayBlaze added 1000 to their ballance via collect
10:19:00 PM: YayBlaze added -20 to their ballance via slots
10:20:54 PM: YayBLaze logged in
10:29:00 PM: YayBlaze logged in
10:29:04 PM: YayBlaze added 1000 to their ballance via collect
10:29:14 PM: YayBlaze added -100 to their ballance via blackjack
10:30:06 PM: YayBlaze added 200 to their ballance via blackjack
10:30:09 PM: YayBlaze added -100 to their ballance via blackjack
10:30:11 PM: YayBlaze added 100 to their ballance via blackjack
10:30:11 PM: YayBlaze added 200 to their ballance via blackjack
10:30:11 PM: YayBlaze added 400 to their ballance via blackjack
10:30:14 PM: YayBlaze added -100 to their ballance via blackjack
10:30:17 PM: YayBlaze added 100 to their ballance via blackjack
10:30:18 PM: YayBlaze added -100 to their ballance via blackjack
10:30:15 PM: YayBlaze added -100 to their ballance via blackjack
10:30:19 PM: YayBlaze added 100 to their ballance via blackjack
10:30:19 PM: YayBlaze added 300 to their ballance via blackjack
10:30:21 PM: YayBlaze added 100 to their ballance via blackjack
12:23:53 PM: YayBlaze logged in
12:24:00 PM: YayBlaze added 100 to their ballance via blackjack
12:25:36 PM: YayBlaze logged in
12:25:37 PM: YayBlaze added 1000 to their ballance via collect
12:37:15 PM: YayBlaze added 1000 to their ballance via collect
12:48:19 PM: New account - admin
12:56:20 PM: YayBlaze logged in
12:57:04 PM: New account - M端beta
12:56:50 PM: YayBlaze logged in
12:57:13 PM: M端beta logged in
12:57:15 PM: M端beta got banned for adding 1000 with an account 10.782s old
12:58:00 PM: M端beta added 100 to their ballance via blackjack
