4:59:48 PM: Mübeta added -20 to their ballance via slots
4:59:54 PM: Mübeta added -20 to their ballance via slots
4:59:50 PM: Mübeta added -20 to their ballance via slots
4:59:57 PM: Mübeta added 80 to their ballance via slots
5:00:02 PM: Mübeta added -20 to their ballance via slots
4:59:46 PM: Mübeta added 40 to their ballance via slots
5:00:04 PM: Mübeta added -20 to their ballance via slots
5:00:06 PM: Mübeta added -40 to their ballance via slots
5:00:08 PM: Mübeta added 160 to their ballance via slots
5:00:13 PM: Mübeta added -5 to their ballance via slots
5:00:17 PM: Mübeta added -20 to their ballance via slots
5:00:15 PM: Mübeta added -10 to their ballance via slots
5:00:19 PM: Mübeta added -40 to their ballance via slots
5:00:20 PM: Mübeta added -80 to their ballance via slots
5:00:23 PM: Mübeta added 320 to their ballance via slots
5:00:26 PM: Mübeta added -5 to their ballance via slots
5:00:28 PM: Mübeta added -10 to their ballance via slots
5:00:30 PM: Mübeta added -20 to their ballance via slots
5:00:32 PM: Mübeta added 80 to their ballance via slots
5:00:34 PM: Mübeta added -5 to their ballance via slots
5:00:39 PM: Mübeta added -20 to their ballance via slots
5:00:37 PM: Mübeta added -10 to their ballance via slots
5:00:41 PM: Mübeta added -40 to their ballance via slots
5:00:43 PM: Mübeta added -80 to their ballance via slots
5:00:45 PM: Mübeta added 320 to their ballance via slots
5:00:51 PM: Mübeta added 10 to their ballance via slots
5:00:48 PM: Mübeta added 10 to their ballance via slots
5:00:52 PM: Mübeta added -5 to their ballance via slots
5:00:55 PM: Mübeta added -10 to their ballance via slots
5:00:57 PM: Mübeta added -20 to their ballance via slots
5:00:59 PM: Mübeta added -40 to their ballance via slots
5:01:01 PM: Mübeta added -80 to their ballance via slots
5:01:03 PM: Mübeta added -160 to their ballance via slots
5:01:06 PM: Mübeta added -320 to their ballance via slots
5:01:08 PM: Mübeta added 1280 to their ballance via slots
5:01:12 PM: Mübeta added -10 to their ballance via slots
5:01:16 PM: Mübeta added -40 to their ballance via slots
5:01:14 PM: Mübeta added -20 to their ballance via slots
5:01:19 PM: Mübeta added -80 to their ballance via slots
5:01:22 PM: Mübeta added -160 to their ballance via slots
5:01:24 PM: Mübeta added -320 to their ballance via slots
5:01:26 PM: Mübeta added 1280 to their ballance via slots
5:01:32 PM: Mübeta added -10 to their ballance via slots
5:01:34 PM: Mübeta added -20 to their ballance via slots
5:01:36 PM: Mübeta added -40 to their ballance via slots
5:01:38 PM: Mübeta added 160 to their ballance via slots
5:01:40 PM: Mübeta added -5 to their ballance via slots
5:01:43 PM: Mübeta added 20 to their ballance via slots
5:01:48 PM: Mübeta added -5 to their ballance via slots
5:01:50 PM: Mübeta added -10 to their ballance via slots
5:02:04 PM: Mübeta added 60 to their ballance via slots
5:02:04 PM: Mübeta added -80 to their ballance via slots
5:02:04 PM: Mübeta added 75 to their ballance via slots
5:02:04 PM: Mübeta added -10 to their ballance via slots
5:02:04 PM: Mübeta added -20 to their ballance via slots
5:02:04 PM: Mübeta added -80 to their ballance via slots
5:02:09 PM: Mübeta added -320 to their ballance via slots
5:02:04 PM: Mübeta added -40 to their ballance via slots
5:02:11 PM: Mübeta added -640 to their ballance via slots
5:02:06 PM: Mübeta added -160 to their ballance via slots
5:02:14 PM: Mübeta added -1280 to their ballance via slots
5:02:19 PM: Mübeta added 5120 to their ballance via slots
5:02:21 PM: Mübeta added -5 to their ballance via slots
5:02:23 PM: Mübeta added -10 to their ballance via slots
5:02:25 PM: Mübeta added -20 to their ballance via slots
5:02:27 PM: Mübeta added -40 to their ballance via slots
5:02:29 PM: Mübeta added 160 to their ballance via slots
5:02:35 PM: Mübeta added -10 to their ballance via slots
5:02:37 PM: Mübeta added 40 to their ballance via slots
5:02:40 PM: Mübeta added 10 to their ballance via slots
5:02:42 PM: Mübeta added 10 to their ballance via slots
5:02:44 PM: Mübeta added -5 to their ballance via slots
5:02:45 PM: Mübeta added 10 to their ballance via slots
5:02:47 PM: Mübeta added -5 to their ballance via slots
5:02:49 PM: Mübeta added -5 to their ballance via slots
5:02:51 PM: Mübeta added -5 to their ballance via slots
5:02:53 PM: Mübeta added 20 to their ballance via slots
5:02:55 PM: Mübeta added -5 to their ballance via slots
5:02:58 PM: Mübeta added 20 to their ballance via slots
5:03:00 PM: Mübeta added 10 to their ballance via slots
5:03:06 PM: Mübeta added 20 to their ballance via slots
5:03:08 PM: Mübeta added 10 to their ballance via slots
5:03:02 PM: Mübeta added -5 to their ballance via slots
5:03:10 PM: Mübeta added -5 to their ballance via slots
5:03:13 PM: Mübeta added 20 to their ballance via slots
5:03:20 PM: Mübeta added -10 to their ballance via slots
5:03:18 PM: Mübeta added -5 to their ballance via slots
5:03:22 PM: Mübeta added -20 to their ballance via slots
5:03:15 PM: Mübeta added 10 to their ballance via slots
5:03:24 PM: Mübeta added 80 to their ballance via slots
5:03:29 PM: Mübeta added 1000 to their ballance via collect
5:03:49 PM: Mübeta added -5 to their ballance via slots
5:03:46 PM: Mübeta added 10 to their ballance via slots
5:03:27 PM: Mübeta added 10 to their ballance via slots
5:03:50 PM: Mübeta added -5 to their ballance via slots
5:03:53 PM: Mübeta added -10 to their ballance via slots
5:03:55 PM: Mübeta added -20 to their ballance via slots
5:04:01 PM: Mübeta added -160 to their ballance via slots
5:03:59 PM: Mübeta added -80 to their ballance via slots
5:03:57 PM: Mübeta added -40 to their ballance via slots
5:04:03 PM: Mübeta added 640 to their ballance via slots
5:04:07 PM: Mübeta added -5 to their ballance via slots
5:04:09 PM: Mübeta added 20 to their ballance via slots
5:04:12 PM: Mübeta added -5 to their ballance via slots
5:04:14 PM: Mübeta added 20 to their ballance via slots
5:04:21 PM: Mübeta added -5 to their ballance via slots
5:04:23 PM: Mübeta added -10 to their ballance via slots
5:04:25 PM: Mübeta added -20 to their ballance via slots
5:04:27 PM: Mübeta added -40 to their ballance via slots
5:04:32 PM: Mübeta added 320 to their ballance via slots
5:04:34 PM: Mübeta added 10 to their ballance via slots
5:04:29 PM: Mübeta added -80 to their ballance via slots
5:04:37 PM: Mübeta added -5 to their ballance via slots
5:04:41 PM: Mübeta added 20 to their ballance via slots
5:04:43 PM: Mübeta added -5 to their ballance via slots
5:04:46 PM: Mübeta added -10 to their ballance via slots
5:04:48 PM: Mübeta added -20 to their ballance via slots
5:04:50 PM: Mübeta added -40 to their ballance via slots
5:04:52 PM: Mübeta added -80 to their ballance via slots
5:04:54 PM: Mübeta added -160 to their ballance via slots
5:04:58 PM: Mübeta added -640 to their ballance via slots
5:05:01 PM: Mübeta added -1280 to their ballance via slots
5:05:05 PM: Mübeta added -2560 to their ballance via slots
5:04:56 PM: Mübeta added -320 to their ballance via slots
5:05:12 PM: Mübeta added -4000 to their ballance via slots
5:05:19 PM: Mübeta added -1000 to their ballance via slots
5:05:20 PM: Mübeta added -1000 to their ballance via slots
5:05:23 PM: Mübeta added -1000 to their ballance via slots
5:05:25 PM: Mübeta added 2000 to their ballance via slots
5:05:22 PM: Mübeta added -1000 to their ballance via slots
5:05:32 PM: Mübeta added 200 to their ballance via slots
5:05:39 PM: Mübeta added -80 to their ballance via slots
5:05:41 PM: Mübeta added -160 to their ballance via slots
5:05:43 PM: Mübeta added -320 to their ballance via slots
5:05:45 PM: Mübeta added -640 to their ballance via slots
5:05:48 PM: Mübeta added -1280 to their ballance via slots
5:05:53 PM: Mübeta added -2560 to their ballance via slots
5:05:58 PM: Mübeta added 10000 to their ballance via slots
5:06:01 PM: Mübeta added 10 to their ballance via slots
5:06:04 PM: Mübeta added 20 to their ballance via slots
5:06:07 PM: Mübeta added -10 to their ballance via slots
5:06:09 PM: Mübeta added -20 to their ballance via slots
5:06:11 PM: Mübeta added -40 to their ballance via slots
5:06:13 PM: Mübeta added -80 to their ballance via slots
5:06:17 PM: Mübeta added -320 to their ballance via slots
5:06:19 PM: Mübeta added -640 to their ballance via slots
5:06:15 PM: Mübeta added -160 to their ballance via slots
5:06:22 PM: Mübeta added 2560 to their ballance via slots
5:06:24 PM: Mübeta added -5 to their ballance via slots
5:06:27 PM: Mübeta added -10 to their ballance via slots
5:06:28 PM: Mübeta added -20 to their ballance via slots
5:06:30 PM: Mübeta added 80 to their ballance via slots
5:06:38 PM: Mübeta added -10 to their ballance via slots
5:06:36 PM: Mübeta added -5 to their ballance via slots
5:06:40 PM: Mübeta added -20 to their ballance via slots
5:06:42 PM: Mübeta added -40 to their ballance via slots
5:06:44 PM: Mübeta added -80 to their ballance via slots
5:06:47 PM: Mübeta added 320 to their ballance via slots
5:06:52 PM: Mübeta added -10 to their ballance via slots
5:06:50 PM: Mübeta added -5 to their ballance via slots
5:06:54 PM: Mübeta added 40 to their ballance via slots
5:07:06 PM: Mübeta added -5 to their ballance via slots
5:07:08 PM: Mübeta added -10 to their ballance via slots
5:07:10 PM: Mübeta added -20 to their ballance via slots
5:07:15 PM: Mübeta added -5 to their ballance via slots
5:07:12 PM: Mübeta added 80 to their ballance via slots
5:07:17 PM: Mübeta added -10 to their ballance via slots
5:07:19 PM: Mübeta added 40 to their ballance via slots
5:07:24 PM: Mübeta added -5 to their ballance via slots
5:07:26 PM: Mübeta added -10 to their ballance via slots
5:07:28 PM: Mübeta added 40 to their ballance via slots
5:07:32 PM: Mübeta added -5 to their ballance via slots
5:07:35 PM: Mübeta added -10 to their ballance via slots
5:07:37 PM: Mübeta added -20 to their ballance via slots
5:07:39 PM: Mübeta added -40 to their ballance via slots
5:07:42 PM: Mübeta added -80 to their ballance via slots
5:07:44 PM: Mübeta added -160 to their ballance via slots
5:07:47 PM: Mübeta added -320 to their ballance via slots
5:07:49 PM: Mübeta added -640 to their ballance via slots
5:07:52 PM: Mübeta added -1000 to their ballance via slots
5:07:56 PM: Mübeta added -1200 to their ballance via slots
5:08:02 PM: Mübeta added -2400 to their ballance via slots
5:08:07 PM: Mübeta added -3000 to their ballance via slots
5:08:12 PM: Mübeta added -2000 to their ballance via slots
5:08:14 PM: Mübeta added -2000 to their ballance via slots
5:08:15 PM: Mübeta added -2000 to their ballance via slots
5:08:18 PM: Mübeta added -2000 to their ballance via slots
5:08:19 PM: Mübeta added -2000 to their ballance via slots
5:08:16 PM: Mübeta added -2000 to their ballance via slots
5:08:20 PM: Mübeta added -2000 to their ballance via slots
5:08:22 PM: Mübeta added -2000 to their ballance via slots
5:08:26 PM: Mübeta added -109 to their ballance via slots
5:08:29 PM: Mübeta added 1000 to their ballance via collect
5:09:30 PM: Mübeta added 2000 to their ballance via slots
5:09:35 PM: Mübeta added -3000 to their ballance via slots
5:15:43 PM: Mübeta added 1000 to their ballance via collect
5:15:48 PM: Mübeta added 10 to their ballance via slots
5:15:50 PM: Mübeta added 10 to their ballance via slots
5:15:55 PM: Mübeta added -10 to their ballance via slots
5:15:57 PM: Mübeta added -20 to their ballance via slots
5:15:59 PM: Mübeta added -40 to their ballance via slots
5:15:52 PM: Mübeta added -5 to their ballance via slots
5:16:01 PM: Mübeta added -80 to their ballance via slots
5:16:03 PM: Mübeta added 320 to their ballance via slots
5:16:07 PM: Mübeta added -5 to their ballance via slots
5:16:09 PM: Mübeta added -10 to their ballance via slots
5:16:11 PM: Mübeta added -20 to their ballance via slots
5:16:13 PM: Mübeta added -40 to their ballance via slots
5:16:15 PM: Mübeta added -80 to their ballance via slots
5:16:17 PM: Mübeta added -160 to their ballance via slots
5:16:19 PM: Mübeta added 1600 to their ballance via slots
5:16:25 PM: Mübeta added -10 to their ballance via slots
5:16:23 PM: Mübeta added -5 to their ballance via slots
5:16:27 PM: Mübeta added 40 to their ballance via slots
5:16:31 PM: Mübeta added 10 to their ballance via slots
5:16:35 PM: Mübeta added 10 to their ballance via slots
5:16:39 PM: Mübeta added -5 to their ballance via slots
5:16:44 PM: Mübeta added -20 to their ballance via slots
5:16:41 PM: Mübeta added -10 to their ballance via slots
5:16:45 PM: Mübeta added 80 to their ballance via slots
5:16:50 PM: Mübeta added 200 to their ballance via slots
5:16:54 PM: Mübeta added -100 to their ballance via slots
5:16:58 PM: Mübeta added 80 to their ballance via slots
5:17:05 PM: Mübeta added -100 to their ballance via slots
5:17:07 PM: Mübeta added 400 to their ballance via slots
5:17:10 PM: Mübeta added 10 to their ballance via slots
5:17:14 PM: Mübeta added -10 to their ballance via slots
5:17:16 PM: Mübeta added 40 to their ballance via slots
5:17:33 PM: Mübeta added -100 to their ballance via blackjack
5:17:19 PM: Mübeta added 10 to their ballance via slots
5:17:32 PM: Mübeta added 100 to their ballance via blackjack
5:17:34 PM: Mübeta added -100 to their ballance via blackjack
5:17:35 PM: Mübeta added -100 to their ballance via blackjack
5:17:36 PM: Mübeta added -100 to their ballance via blackjack
5:17:45 PM: Mübeta added 100 to their ballance via blackjack
5:17:47 PM: Mübeta added -100 to their ballance via blackjack
5:17:49 PM: Mübeta added 100 to their ballance via blackjack
5:17:42 PM: Mübeta added -100 to their ballance via blackjack
5:17:39 PM: Mübeta added 100 to their ballance via blackjack
5:17:39 PM: Mübeta added 100 to their ballance via blackjack
5:17:50 PM: Mübeta added 100 to their ballance via blackjack
5:17:50 PM: Mübeta added 300 to their ballance via blackjack
5:17:54 PM: Mübeta added -100 to their ballance via blackjack
5:17:56 PM: Mübeta added 100 to their ballance via blackjack
5:17:57 PM: Mübeta added 100 to their ballance via blackjack
5:17:59 PM: Mübeta added 100 to their ballance via blackjack
5:17:59 PM: Mübeta added 200 to their ballance via blackjack
5:18:01 PM: Mübeta added -100 to their ballance via blackjack
5:17:59 PM: Mübeta added 200 to their ballance via blackjack
5:18:01 PM: Mübeta added 100 to their ballance via blackjack
5:18:07 PM: Mübeta added 100 to their ballance via blackjack
5:18:12 PM: Mübeta added -100 to their ballance via blackjack
5:18:14 PM: Mübeta added -100 to their ballance via blackjack
5:18:17 PM: Mübeta added -100 to their ballance via blackjack
5:18:19 PM: Mübeta added -100 to their ballance via blackjack
5:18:17 PM: Mübeta added -100 to their ballance via blackjack
5:18:21 PM: Mübeta added 100 to their ballance via blackjack
5:18:23 PM: Mübeta added 100 to their ballance via blackjack
5:18:24 PM: Mübeta added -100 to their ballance via blackjack
5:18:28 PM: Mübeta added -100 to their ballance via blackjack
5:18:29 PM: Mübeta added -100 to their ballance via blackjack
5:18:27 PM: Mübeta added -100 to their ballance via blackjack
5:18:30 PM: Mübeta added 100 to their ballance via blackjack
5:18:33 PM: Mübeta added -100 to their ballance via blackjack
5:18:35 PM: Mübeta added -100 to their ballance via blackjack
5:18:36 PM: Mübeta added -100 to their ballance via blackjack
5:18:39 PM: Mübeta added -100 to their ballance via blackjack
5:18:39 PM: Mübeta added 100 to their ballance via blackjack
5:18:43 PM: Mübeta added -100 to their ballance via blackjack
5:18:42 PM: Mübeta added -100 to their ballance via blackjack
5:18:44 PM: Mübeta added -100 to their ballance via blackjack
5:18:48 PM: Mübeta added -100 to their ballance via blackjack
5:18:49 PM: Mübeta added -100 to their ballance via blackjack
5:18:46 PM: Mübeta added -100 to their ballance via blackjack
5:18:51 PM: Mübeta added 100 to their ballance via blackjack
5:18:53 PM: Mübeta added -100 to their ballance via blackjack
5:18:53 PM: Mübeta added 0 to their ballance via blackjack
5:18:55 PM: Mübeta added -100 to their ballance via blackjack
5:18:57 PM: Mübeta added -100 to their ballance via blackjack
5:18:58 PM: Mübeta added -100 to their ballance via blackjack
5:19:01 PM: Mübeta added 100 to their ballance via blackjack
5:19:02 PM: Mübeta added -100 to their ballance via blackjack
5:19:06 PM: Mübeta added -100 to their ballance via blackjack
5:19:09 PM: Mübeta added -100 to their ballance via blackjack
5:19:11 PM: Mübeta added -100 to their ballance via blackjack
5:19:07 PM: Mübeta added 100 to their ballance via blackjack
5:19:13 PM: Mübeta added -100 to their ballance via blackjack
5:19:13 PM: Mübeta added 0 to their ballance via blackjack
5:19:18 PM: Mübeta added 100 to their ballance via blackjack
5:19:14 PM: Mübeta added -100 to their ballance via blackjack
5:19:19 PM: Mübeta added 300 to their ballance via blackjack
5:19:19 PM: Mübeta added 100 to their ballance via blackjack
5:19:19 PM: Mübeta added 400 to their ballance via blackjack
5:19:21 PM: Mübeta added -100 to their ballance via blackjack
5:19:23 PM: Mübeta added -100 to their ballance via blackjack
5:19:25 PM: Mübeta added 100 to their ballance via blackjack
5:19:27 PM: Mübeta added 100 to their ballance via blackjack
5:19:33 PM: Mübeta added 100 to their ballance via blackjack
5:19:31 PM: Mübeta added 100 to their ballance via blackjack
5:19:37 PM: Mübeta added -100 to their ballance via blackjack
5:19:44 PM: Mübeta added -100 to their ballance via blackjack
5:19:38 PM: Mübeta added 100 to their ballance via blackjack
5:19:42 PM: Mübeta added 100 to their ballance via blackjack
5:19:44 PM: Mübeta added -100 to their ballance via blackjack
5:19:47 PM: Mübeta added 100 to their ballance via blackjack
5:19:46 PM: Mübeta added -100 to their ballance via blackjack
5:19:51 PM: Mübeta added -100 to their ballance via blackjack
5:19:51 PM: Mübeta added 0 to their ballance via blackjack
5:19:53 PM: Mübeta added 100 to their ballance via blackjack
5:19:55 PM: Mübeta added 1000 to their ballance via collect
5:20:01 PM: Mübeta added -10 to their ballance via slots
5:20:03 PM: Mübeta added -20 to their ballance via slots
5:20:05 PM: Mübeta added 80 to their ballance via slots
5:20:11 PM: Mübeta added -10 to their ballance via slots
5:20:16 PM: Mübeta added -40 to their ballance via slots
5:20:14 PM: Mübeta added -20 to their ballance via slots
5:20:18 PM: Mübeta added -80 to their ballance via slots
5:20:19 PM: Mübeta added -160 to their ballance via slots
5:20:22 PM: Mübeta added -320 to their ballance via slots
5:20:24 PM: Mübeta added -640 to their ballance via slots
5:20:27 PM: Mübeta added -1280 to their ballance via slots
5:20:32 PM: Mübeta added -1090 to their ballance via slots
2:13:28 PM: YayBlaze logged in
2:13:29 PM: YayBlaze added 1000 to their ballance via collect
2:13:34 PM: YayBlaze added -100 to their ballance via blackjack
2:13:38 PM: YayBlaze added -100 to their ballance via blackjack
2:13:38 PM: YayBlaze added -100 to their ballance via blackjack
2:13:36 PM: YayBlaze added -100 to their ballance via blackjack
2:13:40 PM: YayBlaze added 100 to their ballance via blackjack
2:13:43 PM: YayBlaze added -100 to their ballance via blackjack
2:13:43 PM: YayBlaze added -100 to their ballance via blackjack
2:13:56 PM: YayBlaze added -100 to their ballance via blackjack
2:13:58 PM: YayBlaze added 100 to their ballance via blackjack
2:14:04 PM: YayBlaze added -100 to their ballance via blackjack
2:13:50 PM: YayBlaze added -100 to their ballance via blackjack
2:13:51 PM: YayBlaze added 100 to their ballance via blackjack
2:14:06 PM: YayBlaze added -100 to their ballance via blackjack
2:14:09 PM: YayBlaze added -100 to their ballance via blackjack
2:14:13 PM: YayBlaze added -100 to their ballance via blackjack
2:14:15 PM: YayBlaze added 100 to their ballance via blackjack
2:14:17 PM: YayBlaze added -100 to their ballance via blackjack
2:14:19 PM: YayBlaze added -100 to their ballance via blackjack
